
5월 15, 2023 17:32:42.666 NEW SESSION
5월 15, 2023 17:32:42.666 [4060:9932:0515/173242.665:ERROR:device_event_log_impl.cc(222)] [17:32:42.664] USB: usb_service_win.cc:104 SetupDiGetDeviceProperty({{A45C254E-DF1C-4EFD-8020-67D146A850E0}, 6}) failed: 요소가 없습니다. (0x490)
5월 15, 2023 17:48:13.667 [libprotobuf ERROR ..\..\third_party\protobuf\src\google\protobuf\message_lite.cc:133] Can't parse message of type "safe_browsing.ClientDownloadRequest" because it is missing required fields: (cannot determine missing fields for lite message)
5월 15, 2023 17:48:16.364 [4060:9932:0515/174816.364:ERROR:device_event_log_impl.cc(222)] [17:48:16.365] Bluetooth: bluetooth_adapter_winrt.cc:1058 Getting Default Adapter failed.
5월 15, 2023 17:51:11.813 [4060:9932:0515/175111.813:ERROR:page_load_metrics_update_dispatcher.cc(178)] Invalid first_paint (unset) for first_image_paint 0.596 s
5월 15, 2023 17:51:11.839 [4060:9932:0515/175111.839:ERROR:page_load_metrics_update_dispatcher.cc(178)] Invalid first_paint 0.612 s for first_image_paint 0.596 s
5월 15, 2023 17:51:11.940 [4060:9932:0515/175111.940:ERROR:page_load_metrics_update_dispatcher.cc(178)] Invalid first_paint 0.612 s for first_image_paint 0.596 s
5월 15, 2023 17:51:12.56 [4060:9932:0515/175112.056:ERROR:page_load_metrics_update_dispatcher.cc(178)] Invalid first_paint 0.612 s for first_image_paint 0.596 s
5월 15, 2023 17:51:12.214 [4060:9932:0515/175112.214:ERROR:page_load_metrics_update_dispatcher.cc(178)] Invalid first_paint 0.612 s for first_image_paint 0.596 s
5월 15, 2023 17:51:12.325 [4060:9932:0515/175112.325:ERROR:page_load_metrics_update_dispatcher.cc(178)] Invalid first_paint 0.612 s for first_image_paint 0.596 s
5월 15, 2023 17:51:12.439 [4060:9932:0515/175112.439:ERROR:page_load_metrics_update_dispatcher.cc(178)] Invalid first_paint 0.612 s for first_image_paint 0.596 s
5월 15, 2023 17:51:12.550 [4060:9932:0515/175112.549:ERROR:page_load_metrics_update_dispatcher.cc(178)] Invalid first_paint 0.612 s for first_image_paint 0.596 s
5월 15, 2023 17:51:12.698 [4060:9932:0515/175112.698:ERROR:page_load_metrics_update_dispatcher.cc(178)] Invalid first_paint 0.612 s for first_image_paint 0.596 s
5월 15, 2023 17:51:13.125 [4060:9932:0515/175113.125:ERROR:page_load_metrics_update_dispatcher.cc(178)] Invalid first_paint 0.612 s for first_image_paint 0.596 s
5월 15, 2023 17:51:13.243 [4060:9932:0515/175113.242:ERROR:page_load_metrics_update_dispatcher.cc(178)] Invalid first_paint 0.612 s for first_image_paint 0.596 s
5월 15, 2023 17:51:13.357 [4060:9932:0515/175113.357:ERROR:page_load_metrics_update_dispatcher.cc(178)] Invalid first_paint 0.612 s for first_image_paint 0.596 s
5월 15, 2023 17:51:13.474 [4060:9932:0515/175113.474:ERROR:page_load_metrics_update_dispatcher.cc(178)] Invalid first_paint 0.612 s for first_image_paint 0.596 s
5월 15, 2023 17:51:13.591 [4060:9932:0515/175113.591:ERROR:page_load_metrics_update_dispatcher.cc(178)] Invalid first_paint 0.612 s for first_image_paint 0.596 s
5월 15, 2023 17:51:13.883 [4060:9932:0515/175113.883:ERROR:page_load_metrics_update_dispatcher.cc(178)] Invalid first_paint 0.612 s for first_image_paint 0.596 s
5월 15, 2023 17:51:13.993 [4060:9932:0515/175113.993:ERROR:page_load_metrics_update_dispatcher.cc(178)] Invalid first_paint 0.612 s for first_image_paint 0.596 s
5월 15, 2023 17:51:14.113 [4060:9932:0515/175114.113:ERROR:page_load_metrics_update_dispatcher.cc(178)] Invalid first_paint 0.612 s for first_image_paint 0.596 s
5월 15, 2023 17:51:14.217 [4060:9932:0515/175114.217:ERROR:page_load_metrics_update_dispatcher.cc(178)] Invalid first_paint 0.612 s for first_image_paint 0.596 s
5월 15, 2023 17:51:14.530 [4060:9932:0515/175114.530:ERROR:page_load_metrics_update_dispatcher.cc(178)] Invalid first_paint 0.612 s for first_image_paint 0.596 s
5월 15, 2023 17:51:14.641 [4060:9932:0515/175114.641:ERROR:page_load_metrics_update_dispatcher.cc(178)] Invalid first_paint 0.612 s for first_image_paint 0.596 s
5월 15, 2023 17:51:14.759 [4060:9932:0515/175114.759:ERROR:page_load_metrics_update_dispatcher.cc(178)] Invalid first_paint 0.612 s for first_image_paint 0.596 s
5월 15, 2023 17:51:14.909 [4060:9932:0515/175114.909:ERROR:page_load_metrics_update_dispatcher.cc(178)] Invalid first_paint 0.612 s for first_image_paint 0.596 s
5월 15, 2023 17:51:15.34 [4060:9932:0515/175115.034:ERROR:page_load_metrics_update_dispatcher.cc(178)] Invalid first_paint 0.612 s for first_image_paint 0.596 s
5월 15, 2023 17:51:15.461 [4060:9932:0515/175115.460:ERROR:page_load_metrics_update_dispatcher.cc(178)] Invalid first_paint 0.612 s for first_image_paint 0.596 s
5월 15, 2023 17:51:15.576 [4060:9932:0515/175115.576:ERROR:page_load_metrics_update_dispatcher.cc(178)] Invalid first_paint 0.612 s for first_image_paint 0.596 s
5월 15, 2023 17:51:15.814 [4060:9932:0515/175115.814:ERROR:page_load_metrics_update_dispatcher.cc(178)] Invalid first_paint 0.612 s for first_image_paint 0.596 s
5월 15, 2023 17:51:15.928 [4060:9932:0515/175115.928:ERROR:page_load_metrics_update_dispatcher.cc(178)] Invalid first_paint 0.612 s for first_image_paint 0.596 s
5월 15, 2023 17:51:16.42 [4060:9932:0515/175116.042:ERROR:page_load_metrics_update_dispatcher.cc(178)] Invalid first_paint 0.612 s for first_image_paint 0.596 s
5월 15, 2023 17:51:16.167 [4060:9932:0515/175116.167:ERROR:page_load_metrics_update_dispatcher.cc(178)] Invalid first_paint 0.612 s for first_image_paint 0.596 s
5월 15, 2023 17:51:16.725 [4060:9932:0515/175116.725:ERROR:page_load_metrics_update_dispatcher.cc(178)] Invalid first_paint 0.612 s for first_image_paint 0.596 s
5월 15, 2023 17:51:16.855 [4060:9932:0515/175116.855:ERROR:page_load_metrics_update_dispatcher.cc(178)] Invalid first_paint 0.612 s for first_image_paint 0.596 s
5월 15, 2023 17:51:17.27 [4060:9932:0515/175117.027:ERROR:page_load_metrics_update_dispatcher.cc(178)] Invalid first_paint 0.612 s for first_image_paint 0.596 s
5월 15, 2023 17:51:17.143 [4060:9932:0515/175117.143:ERROR:page_load_metrics_update_dispatcher.cc(178)] Invalid first_paint 0.612 s for first_image_paint 0.596 s
5월 15, 2023 17:51:17.608 [4060:9932:0515/175117.608:ERROR:page_load_metrics_update_dispatcher.cc(178)] Invalid first_paint 0.612 s for first_image_paint 0.596 s
5월 15, 2023 17:51:17.726 [4060:9932:0515/175117.726:ERROR:page_load_metrics_update_dispatcher.cc(178)] Invalid first_paint 0.612 s for first_image_paint 0.596 s
5월 15, 2023 17:51:17.943 [4060:9932:0515/175117.943:ERROR:page_load_metrics_update_dispatcher.cc(178)] Invalid first_paint 0.612 s for first_image_paint 0.596 s
5월 15, 2023 17:51:18.70 [4060:9932:0515/175118.070:ERROR:page_load_metrics_update_dispatcher.cc(178)] Invalid first_paint 0.612 s for first_image_paint 0.596 s
5월 15, 2023 17:51:18.393 [4060:9932:0515/175118.392:ERROR:page_load_metrics_update_dispatcher.cc(178)] Invalid first_paint 0.612 s for first_image_paint 0.596 s
5월 15, 2023 17:51:18.510 [4060:9932:0515/175118.510:ERROR:page_load_metrics_update_dispatcher.cc(178)] Invalid first_paint 0.612 s for first_image_paint 0.596 s
5월 15, 2023 17:51:18.660 [4060:9932:0515/175118.659:ERROR:page_load_metrics_update_dispatcher.cc(178)] Invalid first_paint 0.612 s for first_image_paint 0.596 s
5월 15, 2023 17:51:18.784 [4060:9932:0515/175118.784:ERROR:page_load_metrics_update_dispatcher.cc(178)] Invalid first_paint 0.612 s for first_image_paint 0.596 s
5월 15, 2023 17:51:20.209 [4060:9932:0515/175120.208:ERROR:page_load_metrics_update_dispatcher.cc(178)] Invalid first_paint 0.612 s for first_image_paint 0.596 s
5월 15, 2023 17:51:20.326 [4060:9932:0515/175120.326:ERROR:page_load_metrics_update_dispatcher.cc(178)] Invalid first_paint 0.612 s for first_image_paint 0.596 s
5월 15, 2023 17:51:20.825 [4060:9932:0515/175120.825:ERROR:page_load_metrics_update_dispatcher.cc(178)] Invalid first_paint 0.612 s for first_image_paint 0.596 s
5월 15, 2023 17:51:20.950 [4060:9932:0515/175120.950:ERROR:page_load_metrics_update_dispatcher.cc(178)] Invalid first_paint 0.612 s for first_image_paint 0.596 s
5월 15, 2023 17:51:21.141 [4060:9932:0515/175121.141:ERROR:page_load_metrics_update_dispatcher.cc(178)] Invalid first_paint 0.612 s for first_image_paint 0.596 s
5월 15, 2023 17:51:21.244 [4060:9932:0515/175121.244:ERROR:page_load_metrics_update_dispatcher.cc(178)] Invalid first_paint 0.612 s for first_image_paint 0.596 s
5월 15, 2023 17:51:21.426 [4060:9932:0515/175121.426:ERROR:page_load_metrics_update_dispatcher.cc(178)] Invalid first_paint 0.612 s for first_image_paint 0.596 s
5월 15, 2023 17:51:21.540 [4060:9932:0515/175121.539:ERROR:page_load_metrics_update_dispatcher.cc(178)] Invalid first_paint 0.612 s for first_image_paint 0.596 s
5월 15, 2023 17:51:21.707 [4060:9932:0515/175121.707:ERROR:page_load_metrics_update_dispatcher.cc(178)] Invalid first_paint 0.612 s for first_image_paint 0.596 s
5월 15, 2023 17:51:21.815 [4060:9932:0515/175121.815:ERROR:page_load_metrics_update_dispatcher.cc(178)] Invalid first_paint 0.612 s for first_image_paint 0.596 s
5월 15, 2023 17:51:21.926 [4060:9932:0515/175121.926:ERROR:page_load_metrics_update_dispatcher.cc(178)] Invalid first_paint 0.612 s for first_image_paint 0.596 s
5월 15, 2023 17:51:22.55 [4060:9932:0515/175122.055:ERROR:page_load_metrics_update_dispatcher.cc(178)] Invalid first_paint 0.612 s for first_image_paint 0.596 s
5월 15, 2023 17:51:23.194 [4060:9932:0515/175123.193:ERROR:page_load_metrics_update_dispatcher.cc(178)] Invalid first_paint 0.612 s for first_image_paint 0.596 s
5월 15, 2023 17:51:23.310 [4060:9932:0515/175123.310:ERROR:page_load_metrics_update_dispatcher.cc(178)] Invalid first_paint 0.612 s for first_image_paint 0.596 s
5월 15, 2023 17:51:23.541 [4060:9932:0515/175123.541:ERROR:page_load_metrics_update_dispatcher.cc(178)] Invalid first_paint 0.612 s for first_image_paint 0.596 s
5월 15, 2023 17:51:23.659 [4060:9932:0515/175123.659:ERROR:page_load_metrics_update_dispatcher.cc(178)] Invalid first_paint 0.612 s for first_image_paint 0.596 s
5월 15, 2023 17:51:23.793 [4060:9932:0515/175123.793:ERROR:page_load_metrics_update_dispatcher.cc(178)] Invalid first_paint 0.612 s for first_image_paint 0.596 s
5월 15, 2023 17:51:23.922 [4060:9932:0515/175123.922:ERROR:page_load_metrics_update_dispatcher.cc(178)] Invalid first_paint 0.612 s for first_image_paint 0.596 s
5월 15, 2023 17:51:24.992 [4060:9932:0515/175124.992:ERROR:page_load_metrics_update_dispatcher.cc(178)] Invalid first_paint 0.612 s for first_image_paint 0.596 s
5월 15, 2023 17:51:25.95 [4060:9932:0515/175125.095:ERROR:page_load_metrics_update_dispatcher.cc(178)] Invalid first_paint 0.612 s for first_image_paint 0.596 s
5월 15, 2023 17:51:25.326 [4060:9932:0515/175125.326:ERROR:page_load_metrics_update_dispatcher.cc(178)] Invalid first_paint 0.612 s for first_image_paint 0.596 s
5월 15, 2023 17:51:25.443 [4060:9932:0515/175125.443:ERROR:page_load_metrics_update_dispatcher.cc(178)] Invalid first_paint 0.612 s for first_image_paint 0.596 s
5월 15, 2023 17:51:25.926 [4060:9932:0515/175125.926:ERROR:page_load_metrics_update_dispatcher.cc(178)] Invalid first_paint 0.612 s for first_image_paint 0.596 s
5월 15, 2023 17:51:26.42 [4060:9932:0515/175126.042:ERROR:page_load_metrics_update_dispatcher.cc(178)] Invalid first_paint 0.612 s for first_image_paint 0.596 s
5월 15, 2023 17:51:26.173 [4060:9932:0515/175126.173:ERROR:page_load_metrics_update_dispatcher.cc(178)] Invalid first_paint 0.612 s for first_image_paint 0.596 s
5월 15, 2023 17:51:26.275 [4060:9932:0515/175126.275:ERROR:page_load_metrics_update_dispatcher.cc(178)] Invalid first_paint 0.612 s for first_image_paint 0.596 s
5월 15, 2023 17:51:26.560 [4060:9932:0515/175126.560:ERROR:page_load_metrics_update_dispatcher.cc(178)] Invalid first_paint 0.612 s for first_image_paint 0.596 s
5월 15, 2023 17:51:26.689 [4060:9932:0515/175126.688:ERROR:page_load_metrics_update_dispatcher.cc(178)] Invalid first_paint 0.612 s for first_image_paint 0.596 s
5월 15, 2023 17:51:26.792 [4060:9932:0515/175126.792:ERROR:page_load_metrics_update_dispatcher.cc(178)] Invalid first_paint 0.612 s for first_image_paint 0.596 s
5월 15, 2023 17:51:28.576 [4060:9932:0515/175128.576:ERROR:page_load_metrics_update_dispatcher.cc(178)] Invalid first_paint 0.612 s for first_image_paint 0.596 s
5월 15, 2023 17:51:28.692 [4060:9932:0515/175128.692:ERROR:page_load_metrics_update_dispatcher.cc(178)] Invalid first_paint 0.612 s for first_image_paint 0.596 s
5월 15, 2023 17:51:30.24 [4060:9932:0515/175130.024:ERROR:page_load_metrics_update_dispatcher.cc(178)] Invalid first_paint 0.612 s for first_image_paint 0.596 s
5월 15, 2023 17:51:30.144 [4060:9932:0515/175130.143:ERROR:page_load_metrics_update_dispatcher.cc(178)] Invalid first_paint 0.612 s for first_image_paint 0.596 s
5월 15, 2023 17:51:32.327 [4060:9932:0515/175132.326:ERROR:page_load_metrics_update_dispatcher.cc(178)] Invalid first_paint 0.612 s for first_image_paint 0.596 s
5월 15, 2023 17:51:32.454 [4060:9932:0515/175132.454:ERROR:page_load_metrics_update_dispatcher.cc(178)] Invalid first_paint 0.612 s for first_image_paint 0.596 s
5월 15, 2023 17:51:33.243 [4060:9932:0515/175133.243:ERROR:page_load_metrics_update_dispatcher.cc(178)] Invalid first_paint 0.612 s for first_image_paint 0.596 s
5월 15, 2023 17:51:33.371 [4060:9932:0515/175133.371:ERROR:page_load_metrics_update_dispatcher.cc(178)] Invalid first_paint 0.612 s for first_image_paint 0.596 s
5월 15, 2023 17:51:35.287 [4060:9932:0515/175135.287:ERROR:page_load_metrics_update_dispatcher.cc(178)] Invalid first_paint 0.612 s for first_image_paint 0.596 s
5월 15, 2023 17:51:36.472 [4060:9932:0515/175136.472:ERROR:page_load_metrics_update_dispatcher.cc(178)] Invalid first_paint 0.612 s for first_image_paint 0.596 s
5월 15, 2023 17:51:36.719 [4060:9932:0515/175136.719:ERROR:page_load_metrics_update_dispatcher.cc(178)] Invalid first_paint 0.612 s for first_image_paint 0.596 s
5월 15, 2023 17:51:36.935 [4060:9932:0515/175136.935:ERROR:page_load_metrics_update_dispatcher.cc(178)] Invalid first_paint 0.612 s for first_image_paint 0.596 s
5월 15, 2023 17:51:37.57 [4060:9932:0515/175137.057:ERROR:page_load_metrics_update_dispatcher.cc(178)] Invalid first_paint 0.612 s for first_image_paint 0.596 s
5월 15, 2023 17:51:37.211 [4060:9932:0515/175137.211:ERROR:page_load_metrics_update_dispatcher.cc(178)] Invalid first_paint 0.612 s for first_image_paint 0.596 s
5월 15, 2023 17:51:37.390 [4060:9932:0515/175137.390:ERROR:page_load_metrics_update_dispatcher.cc(178)] Invalid first_paint 0.612 s for first_image_paint 0.596 s
